error[E0425]: cannot find value `temp` in this scope
  --> $DIR/type-ascription-instead-of-let.rs:7:9
   |
LL |         temp + value + 1
   |         ^^^^ not found in this scope

error[E0433]: failed to resolve: use of undeclared crate or module `temp`
  --> $DIR/type-ascription-instead-of-let.rs:5:9
   |
LL |         temp: i32 = fun(5i32);
   |         ^^^^ use of undeclared crate or module `temp`
   |
help: you might have meant to introduce a new binding
   |
LL |         let temp: i32 = fun(5i32);
   |         +++

error: aborting due to 2 previous errors

Some errors have detailed explanations: E0425, E0433.
For more information about an error, try `rustc --explain E0425`.
